2019-04-07 22:29:45.970  INFO 16876 --- [main] c.m.b.MdBlockchainManagerApplication     : Starting MdBlockchainManagerApplication on DESKTOP-S57DKC1 with PID 16876 (E:\java\javaMd_Blockchain\md_blockchain_manager\target\classes started by zhangyan in E:\java\javaMd_Blockchain\md_blockchain_manager)
2019-04-07 22:29:45.978  INFO 16876 --- [main] c.m.b.MdBlockchainManagerApplication     : The following profiles are active: local
2019-04-07 22:29:46.149  INFO 16876 --- [main] ConfigServletWebServerApplicationContext : Refreshing org.springframework.boot.web.servlet.context.AnnotationConfigServletWebServerApplicationContext@9d5509a: startup date [Sun Apr 07 22:29:46 CST 2019]; root of context hierarchy
2019-04-07 22:29:48.192  INFO 16876 --- [main] trationDelegate$BeanPostProcessorChecker : Bean 'org.springframework.transaction.annotation.ProxyTransactionManagementConfiguration' of type [org.springframework.transaction.annotation.ProxyTransactionManagementConfiguration$$EnhancerBySpringCGLIB$$ff9a57bb] is not eligible for getting processed by all BeanPostProcessors (for example: not eligible for auto-proxying)
2019-04-07 22:29:48.763  INFO 16876 --- [main] o.s.b.w.embedded.tomcat.TomcatWebServer  : Tomcat initialized with port(s): 8888 (http)
2019-04-07 22:29:48.802  INFO 16876 --- [main] o.apache.catalina.core.StandardService   : Starting service [Tomcat]
2019-04-07 22:29:48.803  INFO 16876 --- [main] org.apache.catalina.core.StandardEngine  : Starting Servlet Engine: Apache Tomcat/8.5.28
2019-04-07 22:29:48.808  INFO 16876 --- [localhost-startStop-1] o.a.catalina.core.AprLifecycleListener   : The APR based Apache Tomcat Native library which allows optimal performance in production environments was not found on the java.library.path: [E:\java\bin;C:\Windows\Sun\Java\bin;C:\Windows\system32;C:\Windows;C:\Program Files (x86)\Common Files\Oracle\Java\javapath;C:\Windows\system32;C:\Windows;C:\Windows\System32\Wbem;C:\Windows\System32\WindowsPowerShell\v1.0\;C:\Windows\System32\OpenSSH\;E:\java\java1.8\bin;E:\java\bin;E:\mysql\mysql-8.0.15-winx64\bin;E:\sqlite;E:\Idea\IntelliJ IDEA 2018.3.3\plugins\maven\lib\maven3\bin;C:\Users\zhangyan\AppData\Local\Microsoft\WindowsApps;;.]
2019-04-07 22:29:49.015  INFO 16876 --- [localhost-startStop-1] o.a.c.c.C.[Tomcat].[localhost].[/]       : Initializing Spring embedded WebApplicationContext
2019-04-07 22:29:49.015  INFO 16876 --- [localhost-startStop-1] o.s.web.context.ContextLoader            : Root WebApplicationContext: initialization completed in 2866 ms
2019-04-07 22:29:49.160  INFO 16876 --- [localhost-startStop-1] o.s.b.w.servlet.ServletRegistrationBean  : Servlet dispatcherServlet mapped to [/]
2019-04-07 22:29:49.165  INFO 16876 --- [localhost-startStop-1] o.s.b.w.servlet.FilterRegistrationBean   : Mapping filter: 'characterEncodingFilter' to: [/*]
2019-04-07 22:29:49.165  INFO 16876 --- [localhost-startStop-1] o.s.b.w.servlet.FilterRegistrationBean   : Mapping filter: 'hiddenHttpMethodFilter' to: [/*]
2019-04-07 22:29:49.165  INFO 16876 --- [localhost-startStop-1] o.s.b.w.servlet.FilterRegistrationBean   : Mapping filter: 'httpPutFormContentFilter' to: [/*]
2019-04-07 22:29:49.165  INFO 16876 --- [localhost-startStop-1] o.s.b.w.servlet.FilterRegistrationBean   : Mapping filter: 'requestContextFilter' to: [/*]
2019-04-07 22:29:49.432  INFO 16876 --- [main] com.zaxxer.hikari.HikariDataSource       : HikariPool-1 - Starting...
2019-04-07 22:29:49.434  WARN 16876 --- [main] com.zaxxer.hikari.util.DriverDataSource  : Registered driver with driverClassName=com.mysql.jdbc.Driver was not found, trying direct instantiation.
2019-04-07 22:29:49.619  INFO 16876 --- [main] com.zaxxer.hikari.HikariDataSource       : HikariPool-1 - Start completed.
2019-04-07 22:29:49.698  INFO 16876 --- [main] j.LocalContainerEntityManagerFactoryBean : Building JPA container EntityManagerFactory for persistence unit 'default'
2019-04-07 22:29:49.714  INFO 16876 --- [main] o.hibernate.jpa.internal.util.LogHelper  : HHH000204: Processing PersistenceUnitInfo [
	name: default
	...]
2019-04-07 22:29:49.986  INFO 16876 --- [main] org.hibernate.Version                    : HHH000412: Hibernate Core {5.2.14.Final}
2019-04-07 22:29:49.988  INFO 16876 --- [main] org.hibernate.cfg.Environment            : HHH000206: hibernate.properties not found
2019-04-07 22:29:50.066  INFO 16876 --- [main] o.hibernate.annotations.common.Version   : HCANN000001: Hibernate Commons Annotations {5.0.1.Final}
2019-04-07 22:29:50.322  INFO 16876 --- [main] org.hibernate.dialect.Dialect            : HHH000400: Using dialect: org.hibernate.dialect.MySQL5InnoDBDialect
2019-04-07 22:29:51.105  INFO 16876 --- [main] j.LocalContainerEntityManagerFactoryBean : Initialized JPA EntityManagerFactory for persistence unit 'default'
2019-04-07 22:29:52.096  INFO 16876 --- [main] s.w.s.m.m.a.RequestMappingHandlerAdapter : Looking for @ControllerAdvice: org.springframework.boot.web.servlet.context.AnnotationConfigServletWebServerApplicationContext@9d5509a: startup date [Sun Apr 07 22:29:46 CST 2019]; root of context hierarchy
2019-04-07 22:29:52.149  WARN 16876 --- [main] aWebConfiguration$JpaWebMvcConfiguration : spring.jpa.open-in-view is enabled by default. Therefore, database queries may be performed during view rendering. Explicitly configure spring.jpa.open-in-view to disable this warning
2019-04-07 22:29:52.192  INFO 16876 --- [main] s.w.s.m.m.a.RequestMappingHandlerMapping : Mapped "{[/member],methods=[GET]}" onto public com.mindata.blockmanager.bean.MemberData com.mindata.blockmanager.controller.MemberController.member(java.lang.String,java.lang.String,java.lang.String)
2019-04-07 22:29:52.193  INFO 16876 --- [main] s.w.s.m.m.a.RequestMappingHandlerMapping : Mapped "{[/member/detail],methods=[POST]}" onto public com.mindata.blockmanager.bean.MemberData com.mindata.blockmanager.controller.MemberController.member2(java.lang.String,java.lang.String,java.lang.String)
2019-04-07 22:29:52.195  INFO 16876 --- [main] s.w.s.m.m.a.RequestMappingHandlerMapping : Mapped "{[/permission],methods=[GET]}" onto public com.mindata.blockmanager.bean.PermissionData com.mindata.blockmanager.controller.PermissionController.findGroupPermission(java.lang.String)
2019-04-07 22:29:52.196  INFO 16876 --- [main] s.w.s.m.m.a.RequestMappingHandlerMapping : Mapped "{[/permission/permissionTest],methods=[POST]}" onto public com.mindata.blockmanager.bean.PermissionData com.mindata.blockmanager.controller.PermissionController.findGroupPermission2(java.lang.String)
2019-04-07 22:29:52.201  INFO 16876 --- [main] s.w.s.m.m.a.RequestMappingHandlerMapping : Mapped "{[/error]}" onto public org.springframework.http.ResponseEntity<java.util.Map<java.lang.String, java.lang.Object>> org.springframework.boot.autoconfigure.web.servlet.error.BasicErrorController.error(javax.servlet.http.HttpServletRequest)
2019-04-07 22:29:52.202  INFO 16876 --- [main] s.w.s.m.m.a.RequestMappingHandlerMapping : Mapped "{[/error],produces=[text/html]}" onto public org.springframework.web.servlet.ModelAndView org.springframework.boot.autoconfigure.web.servlet.error.BasicErrorController.errorHtml(javax.servlet.http.HttpServletRequest,javax.servlet.http.HttpServletResponse)
2019-04-07 22:29:52.238  INFO 16876 --- [main] o.s.w.s.handler.SimpleUrlHandlerMapping  : Mapped URL path [/webjars/**] onto handler of type [class org.springframework.web.servlet.resource.ResourceHttpRequestHandler]
2019-04-07 22:29:52.238  INFO 16876 --- [main] o.s.w.s.handler.SimpleUrlHandlerMapping  : Mapped URL path [/**] onto handler of type [class org.springframework.web.servlet.resource.ResourceHttpRequestHandler]
2019-04-07 22:29:52.278  INFO 16876 --- [main] o.s.w.s.handler.SimpleUrlHandlerMapping  : Mapped URL path [/**/favicon.ico] onto handler of type [class org.springframework.web.servlet.resource.ResourceHttpRequestHandler]
2019-04-07 22:29:52.737  INFO 16876 --- [main] o.s.j.e.a.AnnotationMBeanExporter        : Registering beans for JMX exposure on startup
2019-04-07 22:29:52.738  INFO 16876 --- [main] o.s.j.e.a.AnnotationMBeanExporter        : Bean with name 'dataSource' has been autodetected for JMX exposure
2019-04-07 22:29:52.745  INFO 16876 --- [main] o.s.j.e.a.AnnotationMBeanExporter        : Located MBean 'dataSource': registering with JMX server as MBean [com.zaxxer.hikari:name=dataSource,type=HikariDataSource]
2019-04-07 22:29:52.827  INFO 16876 --- [main] o.s.b.w.embedded.tomcat.TomcatWebServer  : Tomcat started on port(s): 8888 (http) with context path ''
2019-04-07 22:29:52.830  INFO 16876 --- [main] c.m.b.MdBlockchainManagerApplication     : Started MdBlockchainManagerApplication in 8.305 seconds (JVM running for 10.598)
2019-04-07 22:37:06.593  INFO 16876 --- [http-nio-8888-exec-1] o.a.c.c.C.[Tomcat].[localhost].[/]       : Initializing Spring FrameworkServlet 'dispatcherServlet'
2019-04-07 22:37:06.594  INFO 16876 --- [http-nio-8888-exec-1] o.s.web.servlet.DispatcherServlet        : FrameworkServlet 'dispatcherServlet': initialization started
2019-04-07 22:37:06.614  INFO 16876 --- [http-nio-8888-exec-1] o.s.web.servlet.DispatcherServlet        : FrameworkServlet 'dispatcherServlet': initialization completed in 20 ms
2019-04-07 22:40:43.542  INFO 16876 --- [http-nio-8888-exec-7] o.h.h.i.QueryTranslatorFactoryInitiator  : HHH000397: Using ASTQueryTranslatorFactory
2019-04-07 23:12:49.247  INFO 12948 --- [main] c.m.b.MdBlockchainManagerApplication     : Starting MdBlockchainManagerApplication on DESKTOP-S57DKC1 with PID 12948 (E:\java\javaMd_Blockchain\md_blockchain_manager\target\classes started by zhangyan in E:\java\javaMd_Blockchain\md_blockchain_manager)
2019-04-07 23:12:49.250  INFO 12948 --- [main] c.m.b.MdBlockchainManagerApplication     : The following profiles are active: local
2019-04-07 23:12:49.344  INFO 12948 --- [main] ConfigServletWebServerApplicationContext : Refreshing org.springframework.boot.web.servlet.context.AnnotationConfigServletWebServerApplicationContext@9d5509a: startup date [Sun Apr 07 23:12:49 CST 2019]; root of context hierarchy
2019-04-07 23:12:50.575  INFO 12948 --- [main] trationDelegate$BeanPostProcessorChecker : Bean 'org.springframework.transaction.annotation.ProxyTransactionManagementConfiguration' of type [org.springframework.transaction.annotation.ProxyTransactionManagementConfiguration$$EnhancerBySpringCGLIB$$37e45b3a] is not eligible for getting processed by all BeanPostProcessors (for example: not eligible for auto-proxying)
2019-04-07 23:12:50.955  INFO 12948 --- [main] o.s.b.w.embedded.tomcat.TomcatWebServer  : Tomcat initialized with port(s): 8888 (http)
2019-04-07 23:12:50.982  INFO 12948 --- [main] o.apache.catalina.core.StandardService   : Starting service [Tomcat]
2019-04-07 23:12:50.982  INFO 12948 --- [main] org.apache.catalina.core.StandardEngine  : Starting Servlet Engine: Apache Tomcat/8.5.28
2019-04-07 23:12:50.989  INFO 12948 --- [localhost-startStop-1] o.a.catalina.core.AprLifecycleListener   : The APR based Apache Tomcat Native library which allows optimal performance in production environments was not found on the java.library.path: [E:\java\bin;C:\Windows\Sun\Java\bin;C:\Windows\system32;C:\Windows;C:\Program Files (x86)\Common Files\Oracle\Java\javapath;C:\Windows\system32;C:\Windows;C:\Windows\System32\Wbem;C:\Windows\System32\WindowsPowerShell\v1.0\;C:\Windows\System32\OpenSSH\;E:\java\java1.8\bin;E:\java\bin;E:\mysql\mysql-8.0.15-winx64\bin;E:\sqlite;E:\Idea\IntelliJ IDEA 2018.3.3\plugins\maven\lib\maven3\bin;C:\Users\zhangyan\AppData\Local\Microsoft\WindowsApps;;.]
2019-04-07 23:12:51.126  INFO 12948 --- [localhost-startStop-1] o.a.c.c.C.[Tomcat].[localhost].[/]       : Initializing Spring embedded WebApplicationContext
2019-04-07 23:12:51.127  INFO 12948 --- [localhost-startStop-1] o.s.web.context.ContextLoader            : Root WebApplicationContext: initialization completed in 1783 ms
2019-04-07 23:12:51.294  INFO 12948 --- [localhost-startStop-1] o.s.b.w.servlet.ServletRegistrationBean  : Servlet dispatcherServlet mapped to [/]
2019-04-07 23:12:51.300  INFO 12948 --- [localhost-startStop-1] o.s.b.w.servlet.FilterRegistrationBean   : Mapping filter: 'characterEncodingFilter' to: [/*]
2019-04-07 23:12:51.300  INFO 12948 --- [localhost-startStop-1] o.s.b.w.servlet.FilterRegistrationBean   : Mapping filter: 'hiddenHttpMethodFilter' to: [/*]
2019-04-07 23:12:51.301  INFO 12948 --- [localhost-startStop-1] o.s.b.w.servlet.FilterRegistrationBean   : Mapping filter: 'httpPutFormContentFilter' to: [/*]
2019-04-07 23:12:51.301  INFO 12948 --- [localhost-startStop-1] o.s.b.w.servlet.FilterRegistrationBean   : Mapping filter: 'requestContextFilter' to: [/*]
2019-04-07 23:12:51.537  INFO 12948 --- [main] com.zaxxer.hikari.HikariDataSource       : HikariPool-1 - Starting...
2019-04-07 23:12:51.539  WARN 12948 --- [main] com.zaxxer.hikari.util.DriverDataSource  : Registered driver with driverClassName=com.mysql.jdbc.Driver was not found, trying direct instantiation.
2019-04-07 23:12:51.665  INFO 12948 --- [main] com.zaxxer.hikari.HikariDataSource       : HikariPool-1 - Start completed.
2019-04-07 23:12:51.705  INFO 12948 --- [main] j.LocalContainerEntityManagerFactoryBean : Building JPA container EntityManagerFactory for persistence unit 'default'
2019-04-07 23:12:51.717  INFO 12948 --- [main] o.hibernate.jpa.internal.util.LogHelper  : HHH000204: Processing PersistenceUnitInfo [
	name: default
	...]
2019-04-07 23:12:51.896  INFO 12948 --- [main] org.hibernate.Version                    : HHH000412: Hibernate Core {5.2.14.Final}
2019-04-07 23:12:51.897  INFO 12948 --- [main] org.hibernate.cfg.Environment            : HHH000206: hibernate.properties not found
2019-04-07 23:12:51.950  INFO 12948 --- [main] o.hibernate.annotations.common.Version   : HCANN000001: Hibernate Commons Annotations {5.0.1.Final}
2019-04-07 23:12:52.088  INFO 12948 --- [main] org.hibernate.dialect.Dialect            : HHH000400: Using dialect: org.hibernate.dialect.MySQL5InnoDBDialect
2019-04-07 23:12:52.627  INFO 12948 --- [main] j.LocalContainerEntityManagerFactoryBean : Initialized JPA EntityManagerFactory for persistence unit 'default'
2019-04-07 23:12:53.425  INFO 12948 --- [main] s.w.s.m.m.a.RequestMappingHandlerAdapter : Looking for @ControllerAdvice: org.springframework.boot.web.servlet.context.AnnotationConfigServletWebServerApplicationContext@9d5509a: startup date [Sun Apr 07 23:12:49 CST 2019]; root of context hierarchy
2019-04-07 23:12:53.469  WARN 12948 --- [main] aWebConfiguration$JpaWebMvcConfiguration : spring.jpa.open-in-view is enabled by default. Therefore, database queries may be performed during view rendering. Explicitly configure spring.jpa.open-in-view to disable this warning
2019-04-07 23:12:53.512  INFO 12948 --- [main] s.w.s.m.m.a.RequestMappingHandlerMapping : Mapped "{[/member],methods=[GET]}" onto public com.mindata.blockmanager.bean.MemberData com.mindata.blockmanager.controller.MemberController.member(java.lang.String,java.lang.String,java.lang.String)
2019-04-07 23:12:53.513  INFO 12948 --- [main] s.w.s.m.m.a.RequestMappingHandlerMapping : Mapped "{[/member/detail],methods=[POST]}" onto public com.mindata.blockmanager.bean.MemberData com.mindata.blockmanager.controller.MemberController.member2(java.lang.String,java.lang.String,java.lang.String)
2019-04-07 23:12:53.516  INFO 12948 --- [main] s.w.s.m.m.a.RequestMappingHandlerMapping : Mapped "{[/permission],methods=[GET]}" onto public com.mindata.blockmanager.bean.PermissionData com.mindata.blockmanager.controller.PermissionController.findGroupPermission(java.lang.String)
2019-04-07 23:12:53.518  INFO 12948 --- [main] s.w.s.m.m.a.RequestMappingHandlerMapping : Mapped "{[/permission/permissionTest],methods=[POST]}" onto public com.mindata.blockmanager.bean.PermissionData com.mindata.blockmanager.controller.PermissionController.findGroupPermission2(java.lang.String)
2019-04-07 23:12:53.521  INFO 12948 --- [main] s.w.s.m.m.a.RequestMappingHandlerMapping : Mapped "{[/error]}" onto public org.springframework.http.ResponseEntity<java.util.Map<java.lang.String, java.lang.Object>> org.springframework.boot.autoconfigure.web.servlet.error.BasicErrorController.error(javax.servlet.http.HttpServletRequest)
2019-04-07 23:12:53.522  INFO 12948 --- [main] s.w.s.m.m.a.RequestMappingHandlerMapping : Mapped "{[/error],produces=[text/html]}" onto public org.springframework.web.servlet.ModelAndView org.springframework.boot.autoconfigure.web.servlet.error.BasicErrorController.errorHtml(javax.servlet.http.HttpServletRequest,javax.servlet.http.HttpServletResponse)
2019-04-07 23:12:53.561  INFO 12948 --- [main] o.s.w.s.handler.SimpleUrlHandlerMapping  : Mapped URL path [/webjars/**] onto handler of type [class org.springframework.web.servlet.resource.ResourceHttpRequestHandler]
2019-04-07 23:12:53.562  INFO 12948 --- [main] o.s.w.s.handler.SimpleUrlHandlerMapping  : Mapped URL path [/**] onto handler of type [class org.springframework.web.servlet.resource.ResourceHttpRequestHandler]
2019-04-07 23:12:53.607  INFO 12948 --- [main] o.s.w.s.handler.SimpleUrlHandlerMapping  : Mapped URL path [/**/favicon.ico] onto handler of type [class org.springframework.web.servlet.resource.ResourceHttpRequestHandler]
2019-04-07 23:12:53.850  INFO 12948 --- [main] o.s.j.e.a.AnnotationMBeanExporter        : Registering beans for JMX exposure on startup
2019-04-07 23:12:53.851  INFO 12948 --- [main] o.s.j.e.a.AnnotationMBeanExporter        : Bean with name 'dataSource' has been autodetected for JMX exposure
2019-04-07 23:12:53.857  INFO 12948 --- [main] o.s.j.e.a.AnnotationMBeanExporter        : Located MBean 'dataSource': registering with JMX server as MBean [com.zaxxer.hikari:name=dataSource,type=HikariDataSource]
2019-04-07 23:12:53.900  INFO 12948 --- [main] o.s.b.w.embedded.tomcat.TomcatWebServer  : Tomcat started on port(s): 8888 (http) with context path ''
2019-04-07 23:12:53.902  INFO 12948 --- [main] c.m.b.MdBlockchainManagerApplication     : Started MdBlockchainManagerApplication in 5.287 seconds (JVM running for 7.436)
2019-04-07 23:12:54.588  INFO 12948 --- [http-nio-8888-exec-1] o.a.c.c.C.[Tomcat].[localhost].[/]       : Initializing Spring FrameworkServlet 'dispatcherServlet'
2019-04-07 23:12:54.588  INFO 12948 --- [http-nio-8888-exec-1] o.s.web.servlet.DispatcherServlet        : FrameworkServlet 'dispatcherServlet': initialization started
2019-04-07 23:12:54.630  INFO 12948 --- [http-nio-8888-exec-1] o.s.web.servlet.DispatcherServlet        : FrameworkServlet 'dispatcherServlet': initialization completed in 41 ms
2019-04-07 23:12:54.785  INFO 12948 --- [http-nio-8888-exec-1] o.h.h.i.QueryTranslatorFactoryInitiator  : HHH000397: Using ASTQueryTranslatorFactory
2019-04-07 23:17:52.357  INFO 19092 --- [main] c.m.b.MdBlockchainManagerApplication     : Starting MdBlockchainManagerApplication on DESKTOP-S57DKC1 with PID 19092 (E:\java\javaMd_Blockchain\md_blockchain_manager\target\classes started by zhangyan in E:\java\javaMd_Blockchain\md_blockchain_manager)
2019-04-07 23:17:52.363  INFO 19092 --- [main] c.m.b.MdBlockchainManagerApplication     : The following profiles are active: local
2019-04-07 23:17:52.460  INFO 19092 --- [main] ConfigServletWebServerApplicationContext : Refreshing org.springframework.boot.web.servlet.context.AnnotationConfigServletWebServerApplicationContext@179ece50: startup date [Sun Apr 07 23:17:52 CST 2019]; root of context hierarchy
2019-04-07 23:17:54.093  INFO 19092 --- [main] trationDelegate$BeanPostProcessorChecker : Bean 'org.springframework.transaction.annotation.ProxyTransactionManagementConfiguration' of type [org.springframework.transaction.annotation.ProxyTransactionManagementConfiguration$$EnhancerBySpringCGLIB$$ff34755] is not eligible for getting processed by all BeanPostProcessors (for example: not eligible for auto-proxying)
2019-04-07 23:17:54.416  INFO 19092 --- [main] o.s.b.w.embedded.tomcat.TomcatWebServer  : Tomcat initialized with port(s): 8888 (http)
2019-04-07 23:17:54.446  INFO 19092 --- [main] o.apache.catalina.core.StandardService   : Starting service [Tomcat]
2019-04-07 23:17:54.446  INFO 19092 --- [main] org.apache.catalina.core.StandardEngine  : Starting Servlet Engine: Apache Tomcat/8.5.28
2019-04-07 23:17:54.452  INFO 19092 --- [localhost-startStop-1] o.a.catalina.core.AprLifecycleListener   : The APR based Apache Tomcat Native library which allows optimal performance in production environments was not found on the java.library.path: [E:\java\bin;C:\Windows\Sun\Java\bin;C:\Windows\system32;C:\Windows;C:\Program Files (x86)\Common Files\Oracle\Java\javapath;C:\Windows\system32;C:\Windows;C:\Windows\System32\Wbem;C:\Windows\System32\WindowsPowerShell\v1.0\;C:\Windows\System32\OpenSSH\;E:\java\java1.8\bin;E:\java\bin;E:\mysql\mysql-8.0.15-winx64\bin;E:\sqlite;E:\Idea\IntelliJ IDEA 2018.3.3\plugins\maven\lib\maven3\bin;C:\Users\zhangyan\AppData\Local\Microsoft\WindowsApps;;.]
2019-04-07 23:17:54.590  INFO 19092 --- [localhost-startStop-1] o.a.c.c.C.[Tomcat].[localhost].[/]       : Initializing Spring embedded WebApplicationContext
2019-04-07 23:17:54.590  INFO 19092 --- [localhost-startStop-1] o.s.web.context.ContextLoader            : Root WebApplicationContext: initialization completed in 2130 ms
2019-04-07 23:17:54.761  INFO 19092 --- [localhost-startStop-1] o.s.b.w.servlet.ServletRegistrationBean  : Servlet dispatcherServlet mapped to [/]
2019-04-07 23:17:54.768  INFO 19092 --- [localhost-startStop-1] o.s.b.w.servlet.FilterRegistrationBean   : Mapping filter: 'characterEncodingFilter' to: [/*]
2019-04-07 23:17:54.769  INFO 19092 --- [localhost-startStop-1] o.s.b.w.servlet.FilterRegistrationBean   : Mapping filter: 'hiddenHttpMethodFilter' to: [/*]
2019-04-07 23:17:54.769  INFO 19092 --- [localhost-startStop-1] o.s.b.w.servlet.FilterRegistrationBean   : Mapping filter: 'httpPutFormContentFilter' to: [/*]
2019-04-07 23:17:54.769  INFO 19092 --- [localhost-startStop-1] o.s.b.w.servlet.FilterRegistrationBean   : Mapping filter: 'requestContextFilter' to: [/*]
2019-04-07 23:17:54.961  INFO 19092 --- [main] com.zaxxer.hikari.HikariDataSource       : HikariPool-1 - Starting...
2019-04-07 23:17:54.964  WARN 19092 --- [main] com.zaxxer.hikari.util.DriverDataSource  : Registered driver with driverClassName=com.mysql.jdbc.Driver was not found, trying direct instantiation.
2019-04-07 23:17:55.121  INFO 19092 --- [main] com.zaxxer.hikari.HikariDataSource       : HikariPool-1 - Start completed.
2019-04-07 23:17:55.157  INFO 19092 --- [main] j.LocalContainerEntityManagerFactoryBean : Building JPA container EntityManagerFactory for persistence unit 'default'
2019-04-07 23:17:55.183  INFO 19092 --- [main] o.hibernate.jpa.internal.util.LogHelper  : HHH000204: Processing PersistenceUnitInfo [
	name: default
	...]
2019-04-07 23:17:55.419  INFO 19092 --- [main] org.hibernate.Version                    : HHH000412: Hibernate Core {5.2.14.Final}
2019-04-07 23:17:55.422  INFO 19092 --- [main] org.hibernate.cfg.Environment            : HHH000206: hibernate.properties not found
2019-04-07 23:17:55.480  INFO 19092 --- [main] o.hibernate.annotations.common.Version   : HCANN000001: Hibernate Commons Annotations {5.0.1.Final}
2019-04-07 23:17:55.646  INFO 19092 --- [main] org.hibernate.dialect.Dialect            : HHH000400: Using dialect: org.hibernate.dialect.MySQL5InnoDBDialect
2019-04-07 23:17:56.172  INFO 19092 --- [main] j.LocalContainerEntityManagerFactoryBean : Initialized JPA EntityManagerFactory for persistence unit 'default'
2019-04-07 23:17:56.983  INFO 19092 --- [main] s.w.s.m.m.a.RequestMappingHandlerAdapter : Looking for @ControllerAdvice: org.springframework.boot.web.servlet.context.AnnotationConfigServletWebServerApplicationContext@179ece50: startup date [Sun Apr 07 23:17:52 CST 2019]; root of context hierarchy
2019-04-07 23:17:57.019  WARN 19092 --- [main] aWebConfiguration$JpaWebMvcConfiguration : spring.jpa.open-in-view is enabled by default. Therefore, database queries may be performed during view rendering. Explicitly configure spring.jpa.open-in-view to disable this warning
2019-04-07 23:17:57.057  INFO 19092 --- [main] s.w.s.m.m.a.RequestMappingHandlerMapping : Mapped "{[/member],methods=[GET]}" onto public com.mindata.blockmanager.bean.MemberData com.mindata.blockmanager.controller.MemberController.member(java.lang.String,java.lang.String,java.lang.String)
2019-04-07 23:17:57.059  INFO 19092 --- [main] s.w.s.m.m.a.RequestMappingHandlerMapping : Mapped "{[/member/detail],methods=[POST]}" onto public com.mindata.blockmanager.bean.MemberData com.mindata.blockmanager.controller.MemberController.member2(java.lang.String,java.lang.String,java.lang.String)
2019-04-07 23:17:57.061  INFO 19092 --- [main] s.w.s.m.m.a.RequestMappingHandlerMapping : Mapped "{[/permission/permissionTest],methods=[POST]}" onto public com.mindata.blockmanager.bean.PermissionData com.mindata.blockmanager.controller.PermissionController.findGroupPermission2(java.lang.String)
2019-04-07 23:17:57.061  INFO 19092 --- [main] s.w.s.m.m.a.RequestMappingHandlerMapping : Mapped "{[/permission],methods=[GET]}" onto public com.mindata.blockmanager.bean.PermissionData com.mindata.blockmanager.controller.PermissionController.findGroupPermission(java.lang.String)
2019-04-07 23:17:57.067  INFO 19092 --- [main] s.w.s.m.m.a.RequestMappingHandlerMapping : Mapped "{[/error]}" onto public org.springframework.http.ResponseEntity<java.util.Map<java.lang.String, java.lang.Object>> org.springframework.boot.autoconfigure.web.servlet.error.BasicErrorController.error(javax.servlet.http.HttpServletRequest)
2019-04-07 23:17:57.068  INFO 19092 --- [main] s.w.s.m.m.a.RequestMappingHandlerMapping : Mapped "{[/error],produces=[text/html]}" onto public org.springframework.web.servlet.ModelAndView org.springframework.boot.autoconfigure.web.servlet.error.BasicErrorController.errorHtml(javax.servlet.http.HttpServletRequest,javax.servlet.http.HttpServletResponse)
2019-04-07 23:17:57.101  INFO 19092 --- [main] o.s.w.s.handler.SimpleUrlHandlerMapping  : Mapped URL path [/webjars/**] onto handler of type [class org.springframework.web.servlet.resource.ResourceHttpRequestHandler]
2019-04-07 23:17:57.101  INFO 19092 --- [main] o.s.w.s.handler.SimpleUrlHandlerMapping  : Mapped URL path [/**] onto handler of type [class org.springframework.web.servlet.resource.ResourceHttpRequestHandler]
2019-04-07 23:17:57.143  INFO 19092 --- [main] o.s.w.s.handler.SimpleUrlHandlerMapping  : Mapped URL path [/**/favicon.ico] onto handler of type [class org.springframework.web.servlet.resource.ResourceHttpRequestHandler]
2019-04-07 23:17:57.425  INFO 19092 --- [main] o.s.j.e.a.AnnotationMBeanExporter        : Registering beans for JMX exposure on startup
2019-04-07 23:17:57.426  INFO 19092 --- [main] o.s.j.e.a.AnnotationMBeanExporter        : Bean with name 'dataSource' has been autodetected for JMX exposure
2019-04-07 23:17:57.431  INFO 19092 --- [main] o.s.j.e.a.AnnotationMBeanExporter        : Located MBean 'dataSource': registering with JMX server as MBean [com.zaxxer.hikari:name=dataSource,type=HikariDataSource]
2019-04-07 23:17:57.471  INFO 19092 --- [main] o.s.b.w.embedded.tomcat.TomcatWebServer  : Tomcat started on port(s): 8888 (http) with context path ''
2019-04-07 23:17:57.475  INFO 19092 --- [main] c.m.b.MdBlockchainManagerApplication     : Started MdBlockchainManagerApplication in 5.962 seconds (JVM running for 7.401)
